# JRE version: OpenJDK Runtime Environment (17.0.9) (build 17.0.9+0--11185874)
# Java VM: OpenJDK 64-Bit Server VM (17.0.9+0--11185874, mixed mode, tiered, compressed oops, compressed class ptrs, g1 gc, windows-amd64)
GC Precious Log:
 CPUs: 12 total, 12 available
 Memory: 32716M
 Large Page Support: Disabled
 NUMA Support: Disabled
 Compressed Oops: Enabled (32-bit)
 Heap Region Size: 1M
 Heap Min Capacity: 8M
 Heap Initial Capacity: 512M
 Heap Max Capacity: 2G
 Pre-touch: Disabled
 Parallel Workers: 10
 Concurrent Workers: 3
 Concurrent Refinement Workers: 10
 Periodic GC: Disabled
Heap:
 garbage-first heap   total 296960K, used 127130K [0x0000000080000000, 0x0000000100000000)
  region size 1024K, 97 young (99328K), 2 survivors (2048K)
 Metaspace       used 53760K, committed 54272K, reserved 1114112K
  class space    used 7386K, committed 7616K, reserved 1048576K
GC Heap History (18 events):
Event: 0.473 GC heap before
{Heap before GC invocations=0 (full 0):
 garbage-first heap   total 524288K, used 28672K [0x0000000080000000, 0x0000000100000000)
  region size 1024K, 25 young (25600K), 0 survivors (0K)
 Metaspace       used 10532K, committed 10688K, reserved 1114112K
  class space    used 1091K, committed 1152K, reserved 1048576K
}
Event: 0.476 GC heap after
{Heap after GC invocations=1 (full 0):
 garbage-first heap   total 524288K, used 10937K [0x0000000080000000, 0x0000000100000000)
  region size 1024K, 4 young (4096K), 4 survivors (4096K)
 Metaspace       used 10532K, committed 10688K, reserved 1114112K
  class space    used 1091K, committed 1152K, reserved 1048576K
}
Event: 0.768 GC heap before
{Heap before GC invocations=1 (full 0):
 garbage-first heap   total 524288K, used 41657K [0x0000000080000000, 0x0000000100000000)
  region size 1024K, 33 young (33792K), 4 survivors (4096K)
 Metaspace       used 11498K, committed 11648K, reserved 1114112K
  class space    used 1198K, committed 1280K, reserved 1048576K
}
Event: 0.771 GC heap after
{Heap after GC invocations=2 (full 0):
 garbage-first heap   total 524288K, used 13837K [0x0000000080000000, 0x0000000100000000)
  region size 1024K, 4 young (4096K), 4 survivors (4096K)
 Metaspace       used 11498K, committed 11648K, reserved 1114112K
  class space    used 1198K, committed 1280K, reserved 1048576K
}
Event: 1.360 GC heap before
{Heap before GC invocations=2 (full 0):
 garbage-first heap   total 524288K, used 56845K [0x0000000080000000, 0x0000000100000000)
  region size 1024K, 47 young (48128K), 4 survivors (4096K)
 Metaspace       used 21359K, committed 21504K, reserved 1114112K
  class space    used 2553K, committed 2624K, reserved 1048576K
}
Event: 1.364 GC heap after
{Heap after GC invocations=3 (full 0):
 garbage-first heap   total 524288K, used 18735K [0x0000000080000000, 0x0000000100000000)
  region size 1024K, 8 young (8192K), 8 survivors (8192K)
 Metaspace       used 21359K, committed 21504K, reserved 1114112K
  class space    used 2553K, committed 2624K, reserved 1048576K
}
Event: 1.687 GC heap before
{Heap before GC invocations=4 (full 0):
 garbage-first heap   total 68608K, used 51503K [0x0000000080000000, 0x0000000100000000)
  region size 1024K, 40 young (40960K), 8 survivors (8192K)
 Metaspace       used 26262K, committed 26560K, reserved 1114112K
  class space    used 3423K, committed 3584K, reserved 1048576K
}
Event: 1.691 GC heap after
{Heap after GC invocations=5 (full 0):
 garbage-first heap   total 68608K, used 20701K [0x0000000080000000, 0x0000000100000000)
  region size 1024K, 3 young (3072K), 3 survivors (3072K)
 Metaspace       used 26262K, committed 26560K, reserved 1114112K
  class space    used 3423K, committed 3584K, reserved 1048576K
}
Event: 3.649 GC heap before
{Heap before GC invocations=5 (full 0):
 garbage-first heap   total 68608K, used 47325K [0x0000000080000000, 0x0000000100000000)
  region size 1024K, 29 young (29696K), 3 survivors (3072K)
 Metaspace       used 29974K, committed 30272K, reserved 1114112K
  class space    used 4016K, committed 4160K, reserved 1048576K
}
Event: 3.651 GC heap after
{Heap after GC invocations=6 (full 0):
 garbage-first heap   total 68608K, used 22313K [0x0000000080000000, 0x0000000100000000)
  region size 1024K, 4 young (4096K), 4 survivors (4096K)
 Metaspace       used 29974K, committed 30272K, reserved 1114112K
  class space    used 4016K, committed 4160K, reserved 1048576K
}
Event: 8.854 GC heap before
{Heap before GC invocations=6 (full 0):
 garbage-first heap   total 68608K, used 48937K [0x0000000080000000, 0x0000000100000000)
  region size 1024K, 30 young (30720K), 4 survivors (4096K)
 Metaspace       used 33179K, committed 33472K, reserved 1114112K
  class space    used 4537K, committed 4672K, reserved 1048576K
}
Event: 8.856 GC heap after
{Heap after GC invocations=7 (full 0):
 garbage-first heap   total 68608K, used 23197K [0x0000000080000000, 0x0000000100000000)
  region size 1024K, 3 young (3072K), 3 survivors (3072K)
 Metaspace       used 33179K, committed 33472K, reserved 1114112K
  class space    used 4537K, committed 4672K, reserved 1048576K
}
Event: 8.980 GC heap before
{Heap before GC invocations=7 (full 0):
 garbage-first heap   total 68608K, used 38557K [0x0000000080000000, 0x0000000100000000)
  region size 1024K, 19 young (19456K), 3 survivors (3072K)
 Metaspace       used 35784K, committed 36096K, reserved 1114112K
  class space    used 4921K, committed 5056K, reserved 1048576K
}
Event: 8.982 GC heap after
{Heap after GC invocations=8 (full 0):
 garbage-first heap   total 68608K, used 24486K [0x0000000080000000, 0x0000000100000000)
  region size 1024K, 3 young (3072K), 3 survivors (3072K)
 Metaspace       used 35784K, committed 36096K, reserved 1114112K
  class space    used 4921K, committed 5056K, reserved 1048576K
}
Event: 9.216 GC heap before
{Heap before GC invocations=9 (full 0):
 garbage-first heap   total 68608K, used 50086K [0x0000000080000000, 0x0000000100000000)
  region size 1024K, 29 young (29696K), 3 survivors (3072K)
 Metaspace       used 40947K, committed 41344K, reserved 1114112K
  class space    used 5428K, committed 5632K, reserved 1048576K
}
Event: 9.218 GC heap after
{Heap after GC invocations=10 (full 0):
 garbage-first heap   total 68608K, used 27812K [0x0000000080000000, 0x0000000100000000)
  region size 1024K, 4 young (4096K), 4 survivors (4096K)
 Metaspace       used 40947K, committed 41344K, reserved 1114112K
  class space    used 5428K, committed 5632K, reserved 1048576K
}
Event: 9.322 GC heap before
{Heap before GC invocations=10 (full 0):
 garbage-first heap   total 68608K, used 51364K [0x0000000080000000, 0x0000000100000000)
  region size 1024K, 27 young (27648K), 4 survivors (4096K)
 Metaspace       used 41917K, committed 42304K, reserved 1114112K
  class space    used 5590K, committed 5760K, reserved 1048576K
}
Event: 9.325 GC heap after
{Heap after GC invocations=11 (full 0):
 garbage-first heap   total 296960K, used 28826K [0x0000000080000000, 0x0000000100000000)
  region size 1024K, 2 young (2048K), 2 survivors (2048K)
 Metaspace       used 41917K, committed 42304K, reserved 1114112K
  class space    used 5590K, committed 5760K, reserved 1048576K
}

